\BOOKMARK [2][-]{subsection.0.1}{Conclusion}{}% 1
\BOOKMARK [1][-]{section.1}{Simulation}{}% 2
\BOOKMARK [1][-]{section.2}{Assertion}{}% 3
\BOOKMARK [1][-]{section.3}{Synth\350se du compteur}{}% 4
\BOOKMARK [2][-]{subsection.3.1}{Compteur non born\351}{section.3}% 5
\BOOKMARK [2][-]{subsection.3.2}{Compteur avec valeur born\351}{section.3}% 6
\BOOKMARK [2][-]{subsection.3.3}{Conclusion}{section.3}% 7
\BOOKMARK [1][-]{section.4}{Annexes}{}% 8
\BOOKMARK [2][-]{subsection.4.1}{Descprition comportementale du syst\350me de contr\364le}{section.4}% 9
\BOOKMARK [3][-]{subsubsection.4.1.1}{Premier process}{subsection.4.1}% 10
\BOOKMARK [4][-]{paragraph.4.1.1.1}{Code VHDL}{subsubsection.4.1.1}% 11
\BOOKMARK [4][-]{paragraph.4.1.1.2}{Bloc combinatoire ou m\351morisant}{subsubsection.4.1.1}% 12
\BOOKMARK [4][-]{paragraph.4.1.1.3}{Liste de sensibilit\351}{subsubsection.4.1.1}% 13
\BOOKMARK [4][-]{paragraph.4.1.1.4}{Composants utilis\351}{subsubsection.4.1.1}% 14
\BOOKMARK [3][-]{subsubsection.4.1.2}{Second process}{subsection.4.1}% 15
\BOOKMARK [4][-]{paragraph.4.1.2.1}{Code VHDL}{subsubsection.4.1.2}% 16
\BOOKMARK [4][-]{paragraph.4.1.2.2}{Bloc combinatoire ou m\351morisant}{subsubsection.4.1.2}% 17
\BOOKMARK [4][-]{paragraph.4.1.2.3}{Liste de sensibilit\351}{subsubsection.4.1.2}% 18
\BOOKMARK [4][-]{paragraph.4.1.2.4}{Composants utilis\351}{subsubsection.4.1.2}% 19
\BOOKMARK [3][-]{subsubsection.4.1.3}{Output process}{subsection.4.1}% 20
\BOOKMARK [4][-]{paragraph.4.1.3.1}{Code VHDL}{subsubsection.4.1.3}% 21
\BOOKMARK [4][-]{paragraph.4.1.3.2}{Bloc combinatoire ou m\351morisant}{subsubsection.4.1.3}% 22
\BOOKMARK [4][-]{paragraph.4.1.3.3}{Liste de sensibilit\351}{subsubsection.4.1.3}% 23
\BOOKMARK [4][-]{paragraph.4.1.3.4}{Composants utilis\351}{subsubsection.4.1.3}% 24
\BOOKMARK [2][-]{subsection.4.2}{Descprition comportementale du compteur}{section.4}% 25
\BOOKMARK [3][-]{subsubsection.4.2.1}{Premier process}{subsection.4.2}% 26
\BOOKMARK [4][-]{paragraph.4.2.1.1}{Code VHDL}{subsubsection.4.2.1}% 27
\BOOKMARK [4][-]{paragraph.4.2.1.2}{Bloc combinatoire ou m\351morisant}{subsubsection.4.2.1}% 28
\BOOKMARK [4][-]{paragraph.4.2.1.3}{Liste de senssibilit\351}{subsubsection.4.2.1}% 29
\BOOKMARK [4][-]{paragraph.4.2.1.4}{Composants utilis\351}{subsubsection.4.2.1}% 30
\BOOKMARK [3][-]{subsubsection.4.2.2}{Deuxi\350me process}{subsection.4.2}% 31
\BOOKMARK [4][-]{paragraph.4.2.2.1}{Code VHDL}{subsubsection.4.2.2}% 32
\BOOKMARK [4][-]{paragraph.4.2.2.2}{Bloc combinatoire ou m\351morisant}{subsubsection.4.2.2}% 33
\BOOKMARK [4][-]{paragraph.4.2.2.3}{Liste de senssibilit\351}{subsubsection.4.2.2}% 34
\BOOKMARK [4][-]{paragraph.4.2.2.4}{Composants utilis\351}{subsubsection.4.2.2}% 35
\BOOKMARK [3][-]{subsubsection.4.2.3}{Troisi\350me process}{subsection.4.2}% 36
\BOOKMARK [4][-]{paragraph.4.2.3.1}{Code VHDL}{subsubsection.4.2.3}% 37
\BOOKMARK [4][-]{paragraph.4.2.3.2}{Bloc combinatoire ou m\351morisant}{subsubsection.4.2.3}% 38
\BOOKMARK [4][-]{paragraph.4.2.3.3}{Liste de senssibilit\351}{subsubsection.4.2.3}% 39
\BOOKMARK [4][-]{paragraph.4.2.3.4}{Composants utilis\351}{subsubsection.4.2.3}% 40
\BOOKMARK [3][-]{subsubsection.4.2.4}{Quatri\350me process}{subsection.4.2}% 41
\BOOKMARK [4][-]{paragraph.4.2.4.1}{Code VHDL}{subsubsection.4.2.4}% 42
\BOOKMARK [4][-]{paragraph.4.2.4.2}{Bloc combinatoire ou m\351morisant}{subsubsection.4.2.4}% 43
\BOOKMARK [4][-]{paragraph.4.2.4.3}{Liste de sensibilit\351}{subsubsection.4.2.4}% 44
\BOOKMARK [4][-]{paragraph.4.2.4.4}{Composants utilis\351}{subsubsection.4.2.4}% 45
\BOOKMARK [2][-]{subsection.4.3}{Synth\350se du contr\364leur}{section.4}% 46
\BOOKMARK [3][-]{subsubsection.4.3.1}{Encodage binaire}{subsection.4.3}% 47
\BOOKMARK [4][-]{paragraph.4.3.1.1}{Codage des \351tats}{subsubsection.4.3.1}% 48
\BOOKMARK [4][-]{paragraph.4.3.1.2}{Report Area}{subsubsection.4.3.1}% 49
\BOOKMARK [4][-]{paragraph.4.3.1.3}{Report Delay}{subsubsection.4.3.1}% 50
\BOOKMARK [3][-]{subsubsection.4.3.2}{Encodage de Gray}{subsection.4.3}% 51
\BOOKMARK [4][-]{paragraph.4.3.2.1}{Codage des \351tats}{subsubsection.4.3.2}% 52
\BOOKMARK [4][-]{paragraph.4.3.2.2}{Report Area}{subsubsection.4.3.2}% 53
\BOOKMARK [4][-]{paragraph.4.3.2.3}{Report Delay}{subsubsection.4.3.2}% 54
\BOOKMARK [3][-]{subsubsection.4.3.3}{Encodage OneHot}{subsection.4.3}% 55
\BOOKMARK [4][-]{paragraph.4.3.3.1}{Codage des \351tats}{subsubsection.4.3.3}% 56
\BOOKMARK [4][-]{paragraph.4.3.3.2}{Report Area}{subsubsection.4.3.3}% 57
\BOOKMARK [4][-]{paragraph.4.3.3.3}{Report Delay}{subsubsection.4.3.3}% 58
\BOOKMARK [2][-]{subsection.4.4}{Synth\350se du compteur}{section.4}% 59
\BOOKMARK [3][-]{subsubsection.4.4.1}{Sans borner C}{subsection.4.4}% 60
\BOOKMARK [4][-]{paragraph.4.4.1.1}{Report Area}{subsubsection.4.4.1}% 61
\BOOKMARK [4][-]{paragraph.4.4.1.2}{Report Delay}{subsubsection.4.4.1}% 62
\BOOKMARK [3][-]{subsubsection.4.4.2}{Avec C born\351}{subsection.4.4}% 63
\BOOKMARK [4][-]{paragraph.4.4.2.1}{Report Area}{subsubsection.4.4.2}% 64
\BOOKMARK [4][-]{paragraph.4.4.2.2}{Report Delay}{subsubsection.4.4.2}% 65
