\BOOKMARK [1][-]{section.1}{Exercice 1}{}% 1
\BOOKMARK [2][-]{subsection.1.1}{Assignements as three process}{section.1}% 2
\BOOKMARK [2][-]{subsection.1.2}{Driver assignements}{section.1}% 3
\BOOKMARK [3][-]{subsubsection.1.2.1}{TC = 20 ns}{subsection.1.2}% 4
\BOOKMARK [3][-]{subsubsection.1.2.2}{TC = 22 ns}{subsection.1.2}% 5
\BOOKMARK [3][-]{subsubsection.1.2.3}{TC = 26 ns}{subsection.1.2}% 6
\BOOKMARK [3][-]{subsubsection.1.2.4}{TC = 27 ns}{subsection.1.2}% 7
\BOOKMARK [3][-]{subsubsection.1.2.5}{TC = 31 ns}{subsection.1.2}% 8
\BOOKMARK [3][-]{subsubsection.1.2.6}{All the drivers are empty }{subsection.1.2}% 9
\BOOKMARK [1][-]{section.2}{Ecercice 2}{}% 10
\BOOKMARK [2][-]{subsection.2.1}{}{section.2}% 11
\BOOKMARK [2][-]{subsection.2.2}{}{section.2}% 12
\BOOKMARK [1][-]{section.3}{Exercice 3}{}% 13
\BOOKMARK [2][-]{subsection.3.1}{Assignements as three process}{section.3}% 14
\BOOKMARK [3][-]{subsubsection.3.1.1}{TC = 22 ns}{subsection.3.1}% 15
\BOOKMARK [3][-]{subsubsection.3.1.2}{TC = 25 ns}{subsection.3.1}% 16
\BOOKMARK [3][-]{subsubsection.3.1.3}{TC = 25 ns + delta}{subsection.3.1}% 17
\BOOKMARK [3][-]{subsubsection.3.1.4}{TC = 26 ns}{subsection.3.1}% 18
\BOOKMARK [3][-]{subsubsection.3.1.5}{TC = 29 ns}{subsection.3.1}% 19
\BOOKMARK [3][-]{subsubsection.3.1.6}{All the drivers are empty }{subsection.3.1}% 20
\BOOKMARK [2][-]{subsection.3.2}{Results}{section.3}% 21
\BOOKMARK [1][-]{section.4}{Exercise 4}{}% 22
\BOOKMARK [2][-]{subsection.4.1}{Everytime a car wants to enter and the parking is not full, the input gate must open and must stay open until the car has come in or the timeout is reached. }{section.4}% 23
\BOOKMARK [3][-]{subsubsection.4.1.1}{PSL Forumula}{subsection.4.1}% 24
\BOOKMARK [3][-]{subsubsection.4.1.2}{Give the corresponding PSL formula. Is it always satisfied? If not, enhance the formula to produce a version that is actually satisfied by this automaton}{subsection.4.1}% 25
\BOOKMARK [2][-]{subsection.4.2}{Everytime a non-valid ticket is inserted, the output gate should not open }{section.4}% 26
